<?xml version="1.0" encoding="UTF-8"?>
<testng-results ignored="0" total="1" passed="0" failed="1" skipped="0">
  <reporter-output>
  </reporter-output>
  <suite started-at="2024-03-21T02:34:35 CDT" name="Default suite" finished-at="2024-03-21T02:35:14 CDT" duration-ms="39222">
    <groups>
    </groups>
    <test started-at="2024-03-21T02:34:35 CDT" name="Default test" finished-at="2024-03-21T02:35:14 CDT" duration-ms="39222">
      <class name="com.testscenarios.TS_002_PayBill">
        <test-method is-config="true" signature="launchBrowser()[pri:0, instance:com.testscenarios.TS_002_PayBill@6e6f2380]" started-at="2024-03-21T02:34:35 CDT" name="launchBrowser" finished-at="2024-03-21T02:34:39 CDT" duration-ms="3787" status="PASS">
          <reporter-output>
          </reporter-output>
        </test-method> <!-- launchBrowser -->
        <test-method signature="TS_001_Login_InvalidTestData()[pri:0, instance:com.testscenarios.TS_002_PayBill@6e6f2380]" started-at="2024-03-21T02:34:39 CDT" name="TS_001_Login_InvalidTestData" finished-at="2024-03-21T02:35:10 CDT" duration-ms="31467" status="FAIL">
          <exception class="org.openqa.selenium.ElementClickInterceptedException">
            <message>
              <![CDATA[element click intercepted: Element <input type="submit" name="ctl00$BodyPlaceholder$btnLookUp" value="Look Up" onclick="javascript:WebForm_DoPostBackWithOptions(new WebForm_PostBackOptions(&quot;ctl00$BodyPlaceholder$btnLookUp&quot;, &quot;&quot;, true, &quot;OTPValidationGrp&quot;, &quot;&quot;, false, false))" id="ctl00_BodyPlaceholder_btnLookUp" class="button next w-inline-block" style=""> is not clickable at point (1077, 529). Other element would receive the click: <div>...</div>
  (Session info: chrome=122.0.6261.129)
Build info: version: '4.16.1', revision: '9b4c83354e'
System info: os.name: 'Windows 10', os.arch: 'amd64', os.version: '10.0', java.version: '17.0.6'
Driver info: org.openqa.selenium.chrome.ChromeDriver
Command: [eb3c147afce766aed2db45899ad3636a, clickElement {id=f.3984AE23C3FD30E8727A876AA1694731.d.D823485F10ECA11D0E8937E9C1C46A1A.e.31}]
Capabilities {acceptInsecureCerts: false, browserName: chrome, browserVersion: 122.0.6261.129, chrome: {chromedriverVersion: 122.0.6261.128 (f18a44fedeb..., userDataDir: C:\Users\JANNAT~1\AppData\L...}, fedcm:accounts: true, goog:chromeOptions: {debuggerAddress: localhost:62540}, networkConnectionEnabled: false, pageLoadStrategy: normal, platformName: windows, proxy: Proxy(), se:cdp: ws://localhost:62540/devtoo..., se:cdpVersion: 122.0.6261.129, setWindowRect: true, strictFileInteractability: false, timeouts: {implicit: 0, pageLoad: 300000, script: 30000}, unhandledPromptBehavior: dismiss and notify, webauthn:extension:credBlob: true, webauthn:extension:largeBlob: true, webauthn:extension:minPinLength: true, webauthn:extension:prf: true, webauthn:virtualAuthenticators: true}
Element: [[ChromeDriver: chrome on windows (eb3c147afce766aed2db45899ad3636a)] -> id: ctl00_BodyPlaceholder_btnLookUp]
Session ID: eb3c147afce766aed2db45899ad3636a]]>
            </message>
            <full-stacktrace>
              <![CDATA[org.openqa.selenium.ElementClickInterceptedException: element click intercepted: Element <input type="submit" name="ctl00$BodyPlaceholder$btnLookUp" value="Look Up" onclick="javascript:WebForm_DoPostBackWithOptions(new WebForm_PostBackOptions(&quot;ctl00$BodyPlaceholder$btnLookUp&quot;, &quot;&quot;, true, &quot;OTPValidationGrp&quot;, &quot;&quot;, false, false))" id="ctl00_BodyPlaceholder_btnLookUp" class="button next w-inline-block" style=""> is not clickable at point (1077, 529). Other element would receive the click: <div>...</div>
  (Session info: chrome=122.0.6261.129)
Build info: version: '4.16.1', revision: '9b4c83354e'
System info: os.name: 'Windows 10', os.arch: 'amd64', os.version: '10.0', java.version: '17.0.6'
Driver info: org.openqa.selenium.chrome.ChromeDriver
Command: [eb3c147afce766aed2db45899ad3636a, clickElement {id=f.3984AE23C3FD30E8727A876AA1694731.d.D823485F10ECA11D0E8937E9C1C46A1A.e.31}]
Capabilities {acceptInsecureCerts: false, browserName: chrome, browserVersion: 122.0.6261.129, chrome: {chromedriverVersion: 122.0.6261.128 (f18a44fedeb..., userDataDir: C:\Users\JANNAT~1\AppData\L...}, fedcm:accounts: true, goog:chromeOptions: {debuggerAddress: localhost:62540}, networkConnectionEnabled: false, pageLoadStrategy: normal, platformName: windows, proxy: Proxy(), se:cdp: ws://localhost:62540/devtoo..., se:cdpVersion: 122.0.6261.129, setWindowRect: true, strictFileInteractability: false, timeouts: {implicit: 0, pageLoad: 300000, script: 30000}, unhandledPromptBehavior: dismiss and notify, webauthn:extension:credBlob: true, webauthn:extension:largeBlob: true, webauthn:extension:minPinLength: true, webauthn:extension:prf: true, webauthn:virtualAuthenticators: true}
Element: [[ChromeDriver: chrome on windows (eb3c147afce766aed2db45899ad3636a)] -> id: ctl00_BodyPlaceholder_btnLookUp]
Session ID: eb3c147afce766aed2db45899ad3636a
at java.base/jdk.internal.reflect.NativeConstructorAccessorImpl.newInstance0(Native Method)
at java.base/jdk.internal.reflect.NativeConstructorAccessorImpl.newInstance(NativeConstructorAccessorImpl.java:77)
at java.base/jdk.internal.reflect.DelegatingConstructorAccessorImpl.newInstance(DelegatingConstructorAccessorImpl.java:45)
at java.base/java.lang.reflect.Constructor.newInstanceWithCaller(Constructor.java:499)
at java.base/java.lang.reflect.Constructor.newInstance(Constructor.java:480)
at org.openqa.selenium.remote.codec.w3c.W3CHttpResponseCodec.createException(W3CHttpResponseCodec.java:200)
at org.openqa.selenium.remote.codec.w3c.W3CHttpResponseCodec.decode(W3CHttpResponseCodec.java:133)
at org.openqa.selenium.remote.codec.w3c.W3CHttpResponseCodec.decode(W3CHttpResponseCodec.java:52)
at org.openqa.selenium.remote.HttpCommandExecutor.execute(HttpCommandExecutor.java:191)
at org.openqa.selenium.remote.service.DriverCommandExecutor.invokeExecute(DriverCommandExecutor.java:200)
at org.openqa.selenium.remote.service.DriverCommandExecutor.execute(DriverCommandExecutor.java:175)
at org.openqa.selenium.remote.RemoteWebDriver.execute(RemoteWebDriver.java:523)
at org.openqa.selenium.remote.RemoteWebElement.execute(RemoteWebElement.java:224)
at org.openqa.selenium.remote.RemoteWebElement.click(RemoteWebElement.java:77)
at com.utilities.ReusableFunctions.clickByAnyLocator(ReusableFunctions.java:240)
at com.testscenarios.TS_002_PayBill.TS_001_Login_InvalidTestData(TS_002_PayBill.java:29)
at java.base/jdk.internal.reflect.NativeMethodAccessorImpl.invoke0(Native Method)
at java.base/jdk.internal.reflect.NativeMethodAccessorImpl.invoke(NativeMethodAccessorImpl.java:77)
at java.base/jdk.internal.reflect.DelegatingMethodAccessorImpl.invoke(DelegatingMethodAccessorImpl.java:43)
at java.base/java.lang.reflect.Method.invoke(Method.java:568)
at org.testng.internal.MethodInvocationHelper.invokeMethod(MethodInvocationHelper.java:133)
at org.testng.internal.TestInvoker.invokeMethod(TestInvoker.java:598)
at org.testng.internal.TestInvoker.invokeTestMethod(TestInvoker.java:173)
at org.testng.internal.MethodRunner.runInSequence(MethodRunner.java:46)
at org.testng.internal.TestInvoker$MethodInvocationAgent.invoke(TestInvoker.java:824)
at org.testng.internal.TestInvoker.invokeTestMethods(TestInvoker.java:146)
at org.testng.internal.TestMethodWorker.invokeTestMethods(TestMethodWorker.java:146)
at org.testng.internal.TestMethodWorker.run(TestMethodWorker.java:128)
at java.base/java.util.ArrayList.forEach(ArrayList.java:1511)
at org.testng.TestRunner.privateRun(TestRunner.java:794)
at org.testng.TestRunner.run(TestRunner.java:596)
at org.testng.SuiteRunner.runTest(SuiteRunner.java:377)
at org.testng.SuiteRunner.runSequentially(SuiteRunner.java:371)
at org.testng.SuiteRunner.privateRun(SuiteRunner.java:332)
at org.testng.SuiteRunner.run(SuiteRunner.java:276)
at org.testng.SuiteRunnerWorker.runSuite(SuiteRunnerWorker.java:53)
at org.testng.SuiteRunnerWorker.run(SuiteRunnerWorker.java:96)
at org.testng.TestNG.runSuitesSequentially(TestNG.java:1212)
at org.testng.TestNG.runSuitesLocally(TestNG.java:1134)
at org.testng.TestNG.runSuites(TestNG.java:1063)
at org.testng.TestNG.run(TestNG.java:1031)
at org.testng.remote.AbstractRemoteTestNG.run(AbstractRemoteTestNG.java:115)
at org.testng.remote.RemoteTestNG.initAndRun(RemoteTestNG.java:251)
at org.testng.remote.RemoteTestNG.main(RemoteTestNG.java:77)
]]>
            </full-stacktrace>
          </exception> <!-- org.openqa.selenium.ElementClickInterceptedException -->
          <reporter-output>
          </reporter-output>
        </test-method> <!-- TS_001_Login_InvalidTestData -->
        <test-method is-config="true" signature="takescreenshotAfterMethod()[pri:0, instance:com.testscenarios.TS_002_PayBill@6e6f2380]" started-at="2024-03-21T02:35:10 CDT" name="takescreenshotAfterMethod" finished-at="2024-03-21T02:35:13 CDT" duration-ms="3277" status="PASS">
          <reporter-output>
          </reporter-output>
        </test-method> <!-- takescreenshotAfterMethod -->
        <test-method is-config="true" signature="closeTheBrowser()[pri:0, instance:com.testscenarios.TS_002_PayBill@6e6f2380]" started-at="2024-03-21T02:35:13 CDT" name="closeTheBrowser" finished-at="2024-03-21T02:35:14 CDT" duration-ms="620" status="PASS">
          <reporter-output>
          </reporter-output>
        </test-method> <!-- closeTheBrowser -->
      </class> <!-- com.testscenarios.TS_002_PayBill -->
    </test> <!-- Default test -->
  </suite> <!-- Default suite -->
</testng-results>
