<?xml version="1.0" encoding="UTF-8"?>
<testng-results ignored="0" total="1" passed="1" failed="0" skipped="0">
  <reporter-output>
  </reporter-output>
  <suite started-at="2024-03-19T07:33:46 MDT" name="Default suite" finished-at="2024-03-19T07:34:12 MDT" duration-ms="26222">
    <groups>
    </groups>
    <test started-at="2024-03-19T07:33:46 MDT" name="Default test" finished-at="2024-03-19T07:34:12 MDT" duration-ms="26222">
      <class name="com.testscenarios.TS_002_PayBill">
        <test-method is-config="true" signature="launchBrowser()[pri:0, instance:com.testscenarios.TS_002_PayBill@5b12b668]" started-at="2024-03-19T07:33:46 MDT" name="launchBrowser" finished-at="2024-03-19T07:33:49 MDT" duration-ms="2983" status="PASS">
          <reporter-output>
          </reporter-output>
        </test-method> <!-- launchBrowser -->
        <test-method signature="TS_001_Login_InvalidTestData()[pri:0, instance:com.testscenarios.TS_002_PayBill@5b12b668]" started-at="2024-03-19T07:33:49 MDT" name="TS_001_Login_InvalidTestData" finished-at="2024-03-19T07:34:09 MDT" duration-ms="19813" status="PASS">
          <reporter-output>
          </reporter-output>
        </test-method> <!-- TS_001_Login_InvalidTestData -->
        <test-method is-config="true" signature="takescreenshotAfterMethod()[pri:0, instance:com.testscenarios.TS_002_PayBill@5b12b668]" started-at="2024-03-19T07:34:09 MDT" name="takescreenshotAfterMethod" finished-at="2024-03-19T07:34:12 MDT" duration-ms="3173" status="PASS">
          <reporter-output>
          </reporter-output>
        </test-method> <!-- takescreenshotAfterMethod -->
        <test-method is-config="true" signature="closeTheBrowser()[pri:0, instance:com.testscenarios.TS_002_PayBill@5b12b668]" started-at="2024-03-19T07:34:12 MDT" name="closeTheBrowser" finished-at="2024-03-19T07:34:12 MDT" duration-ms="203" status="PASS">
          <reporter-output>
          </reporter-output>
        </test-method> <!-- closeTheBrowser -->
      </class> <!-- com.testscenarios.TS_002_PayBill -->
    </test> <!-- Default test -->
  </suite> <!-- Default suite -->
</testng-results>
